Array
(
    [0] => HTTP/1.1 403 Forbidden ( ISA Server отклонил указанный URL-адрес.  )
Via: 1.1 R2D2
Connection: close
Proxy-Connection: close
Pragma: no-cache
Cache-Control: no-cache
Content-Type: text/html
Content-Length: 4739  
    [1] => <!DOCTYPE HTML PUBLIC "-//W3C//DTD HTML 4.0 Transitional//EN">
<HTML><HEAD><TITLE>Сообщение об ошибке</TITLE>
<META http-equiv=Content-Type content="text/html; charset=UTF-8">
<STYLE id=L_default_1>A {
	FONT-WEIGHT: bold; FONT-SIZE: 10pt; COLOR: #005a80; FONT-FAMILY: tahoma
}
A:hover {
	FONT-WEIGHT: bold; FONT-SIZE: 10pt; COLOR: #0d3372; FONT-FAMILY: tahoma
}
TD {
	FONT-SIZE: 8pt; FONT-FAMILY: tahoma
}
TD.titleBorder {
	BORDER-RIGHT: #955319 1px solid; BORDER-TOP: #955319 1px solid; PADDING-LEFT: 8px; FONT-WEIGHT: bold; FONT-SIZE: 12pt; VERTICAL-ALIGN: middle; BORDER-LEFT: #955319 0px solid; COLOR: #955319; BORDER-BOTTOM: #955319 1px solid; FONT-FAMILY: tahoma; HEIGHT: 35px; BACKGROUND-COLOR: #d2b87a; TEXT-ALIGN: left
}
TD.titleBorder_x {
	BORDER-RIGHT: #955319 0px solid; BORDER-TOP: #955319 1px solid; PADDING-LEFT: 8px; FONT-WEIGHT: bold; FONT-SIZE: 12pt; VERTICAL-ALIGN: middle; BORDER-LEFT: #955319 1px solid; COLOR: #978c79; BORDER-BOTTOM: #955319 1px solid; FONT-FAMILY: tahoma; HEIGHT: 35px; BACKGROUND-COLOR: #d2b87a; TEXT-ALIGN: left
}
.TitleDescription {
	FONT-WEIGHT: bold; FONT-SIZE: 12pt; COLOR: black; FONT-FAMILY: tahoma
}
SPAN.explain {
	FONT-WEIGHT: normal; FONT-SIZE: 10pt; COLOR: #934225
}
SPAN.TryThings {
	FONT-WEIGHT: normal; FONT-SIZE: 10pt; COLOR: #934225
}
.TryList {
	MARGIN-TOP: 5px; FONT-WEIGHT: normal; FONT-SIZE: 8pt; COLOR: black; FONT-FAMILY: tahoma
}
.X {
	BORDER-RIGHT: #955319 1px solid; BORDER-TOP: #955319 1px solid; FONT-WEIGHT: normal; FONT-SIZE: 12pt; BORDER-LEFT: #955319 1px solid; COLOR: #7b3807; BORDER-BOTTOM: #955319 1px solid; FONT-FAMILY: verdana; BACKGROUND-COLOR: #d1c2b4
}
.adminList {
	MARGIN-TOP: 2px
}
</STYLE>
<META content="MSHTML 6.00.2800.1170" name=GENERATOR></HEAD>
<BODY bgColor=#f3f3ed>
<TABLE cellSpacing=0 cellPadding=0 width="100%">
  <TBODY>
  <TR>
    <TD class=titleborder_x width=30>
      <TABLE height=25 cellSpacing=2 cellPadding=0 width=25 bgColor=black>
        <TBODY>
        <TR>
          <TD class=x vAlign=center align=middle>X</TD>
        </TR>
        </TBODY>
      </TABLE>
    </TD>
    <TD class=titleBorder id=L_default_2>Сообщение о доступе к сети:<SPAN class=TitleDescription> Не удается отобразить страницу</SPAN> </TD>
  </TR>
  </TBODY>
</TABLE>

<TABLE id=spacer>
  <TBODY>
  <TR>
    <TD height=10></TD></TR></TBODY></TABLE>
<TABLE width=400>
  <TBODY>
  <TR>
    <TD noWrap width=25></TD>
    <TD width=400><SPAN class=explain><ID id=L_default_3><B>Объяснение:</B></ID></SPAN><ID id=L_default_4> При попытке доступа к этой странице произошла ошибка,  страницу отобразить невозможно. </ID><BR><BR>
    <B><SPAN class=tryThings><ID id=L_default_5><B>Попробуйте следующее:</B></ID></SPAN></B> 
      <UL class=TryList>
        <LI id=L_default_6><B>Обновление страницы:</B> выполните повторный поиск страницы, нажав кнопку "Обновить". Возможно, тайм-аут произошел из-за перегрузки Интернета.
<LI id=L_default_7><B>Проверка написания:</B> проверьте правильность написания адреса веб-узла. Возможны ошибки при вводе адреса.
<LI id=L_default_8><B>Доступ из ссылки:</B> если имеется ссылка на искомую страницу, попробуйте получить доступ к странице с помощью этой ссылки.

      </UL>
<ID id=L_default_9>Если страницу все еще не удается отобразить, обратитесь к администратору или в службу поддержки.</ID> <BR><BR>
    </TD>
  </TR>
  </TBODY>
</TABLE>

<TABLE id=spacer><TBODY><TR><TD height=15></TD></TR></TBODY></TABLE>

<TABLE width=400>
  <TBODY>
  <TR>
    <TD noWrap width=25></TD>
    <TD width=400 id=L_default_10><B>Технические сведения (для персонала службы поддержки)</B> 
      <UL class=adminList>
        <LI id=L_default_11>Код ошибки: 403 Запрет доступа. ISA Server отклонил указанный URL-адрес. (12202)
<LI id=L_default_12>IP-адрес: 64.233.165.99
<LI id=L_default_13>Дата: 04.06.2014 4:37:15 [GMT]
<LI id=L_default_14>Сервер: r2d2.ws.redcom.ru
<LI id=L_default_15>Источник: прокси

      </UL>
    </TD>
  </TR>
  </TBODY>
</TABLE>

</BODY>
</HTML>


)
